Build started 2017-04-15 3:12:50 PM.
     1>Project "C:\Users\user\Desktop\Fanshawe\Semester1\AI\AI PROJ1\INFO6017_RyanHammond_0074214\GettingStarted\GettingStarted.vcxproj" on node 2 (Build target(s)).
     1>ClCompile:
         C:\Program Files (x86)\Microsoft Visual Studio 14.0\VC\bin\CL.exe /c /ZI /nologo /W3 /WX- /sdl /Od /Oy- /D WIN32 /D _DEBUG /D _CONSOLE /D _UNICODE /D UNICODE /Gm /EHsc /RTC1 /MDd /GS /fp:precise /Zc:wchar_t /Zc:forScope /Zc:inline /Fo"Debug\\" /Fd"Debug\vc140.pdb" /Gd /TP /analyze- /errorReport:prompt cAreaInfo.cpp cCamera.cpp cEnemy.cpp cEntity.cpp cPlayer.cpp global.cpp LoadMesh.cpp LoadShaders.cpp LoadTexture.cpp main.cpp Update.cpp
         Update.cpp
         main.cpp
     1>c:\users\user\desktop\fanshawe\semester1\ai\ai proj1\info6017_ryanhammond_0074214\gettingstarted\main.cpp(172): warning C4244: 'initializing': conversion from 'float' to 'int', possible loss of data
     1>c:\users\user\desktop\fanshawe\semester1\ai\ai proj1\info6017_ryanhammond_0074214\gettingstarted\main.cpp(174): warning C4244: 'initializing': conversion from 'float' to 'int', possible loss of data
         LoadTexture.cpp
         LoadShaders.cpp
         LoadMesh.cpp
         global.cpp
         cPlayer.cpp
         cEntity.cpp
         cEnemy.cpp
         cCamera.cpp
         cAreaInfo.cpp
         Generating Code...
     1>c:\users\user\desktop\fanshawe\semester1\ai\ai proj1\info6017_ryanhammond_0074214\gettingstarted\loadmesh.cpp(121): warning C4715: 'LoadMesh': not all control paths return a value
       Link:
         C:\Program Files (x86)\Microsoft Visual Studio 14.0\VC\bin\link.exe /ERRORREPORT:PROMPT /OUT:"C:\Users\user\Desktop\Fanshawe\Semester1\AI\AI PROJ1\INFO6017_RyanHammond_0074214\Debug\GettingStarted.exe" /INCREMENTAL /NOLOGO /LIBPATH:"C:\Users\user\Desktop\Fanshawe\Semester1\AI\AI PROJ1\INFO6017_RyanHammond_0074214\Extern\glfw\lib\Debug" /LIBPATH:"C:\Users\user\Desktop\Fanshawe\Semester1\AI\AI PROJ1\INFO6017_RyanHammond_0074214\Extern\glew\lib\Debug" glfw3.lib GLEW_1130.lib opengl32.lib Assimp.lib FreeImage.lib kernel32.lib user32.lib gdi32.lib winspool.lib comdlg32.lib advapi32.lib shell32.lib ole32.lib oleaut32.lib uuid.lib odbc32.lib odbccp32.lib /MANIFEST /MANIFESTUAC:"level='asInvoker' uiAccess='false'" /manifest:embed /Debug /PDB:"C:\Users\user\Desktop\Fanshawe\Semester1\AI\AI PROJ1\INFO6017_RyanHammond_0074214\Debug\GettingStarted.pdb" /SUBSYSTEM:CONSOLE /TLBID:1 /DYNAMICBASE /NXCOMPAT /IMPLIB:"C:\Users\user\Desktop\Fanshawe\Semester1\AI\AI PROJ1\INFO6017_RyanHammond_0074214\Debug\GettingStarted.lib" /MACHINE:X86 Debug\cAreaInfo.obj
         Debug\cCamera.obj
         Debug\cEnemy.obj
         Debug\cEntity.obj
         Debug\cPlayer.obj
         Debug\global.obj
         Debug\LoadMesh.obj
         Debug\LoadShaders.obj
         Debug\LoadTexture.obj
         Debug\main.obj
         Debug\Update.obj
     1>glfw3.lib(context.obj) : warning LNK4099: PDB 'glfw.pdb' was not found with 'glfw3.lib(context.obj)' or at 'C:\Users\user\Desktop\Fanshawe\Semester1\AI\AI PROJ1\INFO6017_RyanHammond_0074214\Debug\glfw.pdb'; linking object as if no debug info
     1>glfw3.lib(init.obj) : warning LNK4099: PDB 'glfw.pdb' was not found with 'glfw3.lib(init.obj)' or at 'C:\Users\user\Desktop\Fanshawe\Semester1\AI\AI PROJ1\INFO6017_RyanHammond_0074214\Debug\glfw.pdb'; linking object as if no debug info
     1>glfw3.lib(input.obj) : warning LNK4099: PDB 'glfw.pdb' was not found with 'glfw3.lib(input.obj)' or at 'C:\Users\user\Desktop\Fanshawe\Semester1\AI\AI PROJ1\INFO6017_RyanHammond_0074214\Debug\glfw.pdb'; linking object as if no debug info
     1>glfw3.lib(monitor.obj) : warning LNK4099: PDB 'glfw.pdb' was not found with 'glfw3.lib(monitor.obj)' or at 'C:\Users\user\Desktop\Fanshawe\Semester1\AI\AI PROJ1\INFO6017_RyanHammond_0074214\Debug\glfw.pdb'; linking object as if no debug info
     1>glfw3.lib(window.obj) : warning LNK4099: PDB 'glfw.pdb' was not found with 'glfw3.lib(window.obj)' or at 'C:\Users\user\Desktop\Fanshawe\Semester1\AI\AI PROJ1\INFO6017_RyanHammond_0074214\Debug\glfw.pdb'; linking object as if no debug info
     1>glfw3.lib(win32_init.obj) : warning LNK4099: PDB 'glfw.pdb' was not found with 'glfw3.lib(win32_init.obj)' or at 'C:\Users\user\Desktop\Fanshawe\Semester1\AI\AI PROJ1\INFO6017_RyanHammond_0074214\Debug\glfw.pdb'; linking object as if no debug info
     1>glfw3.lib(win32_monitor.obj) : warning LNK4099: PDB 'glfw.pdb' was not found with 'glfw3.lib(win32_monitor.obj)' or at 'C:\Users\user\Desktop\Fanshawe\Semester1\AI\AI PROJ1\INFO6017_RyanHammond_0074214\Debug\glfw.pdb'; linking object as if no debug info
     1>glfw3.lib(win32_time.obj) : warning LNK4099: PDB 'glfw.pdb' was not found with 'glfw3.lib(win32_time.obj)' or at 'C:\Users\user\Desktop\Fanshawe\Semester1\AI\AI PROJ1\INFO6017_RyanHammond_0074214\Debug\glfw.pdb'; linking object as if no debug info
     1>glfw3.lib(win32_tls.obj) : warning LNK4099: PDB 'glfw.pdb' was not found with 'glfw3.lib(win32_tls.obj)' or at 'C:\Users\user\Desktop\Fanshawe\Semester1\AI\AI PROJ1\INFO6017_RyanHammond_0074214\Debug\glfw.pdb'; linking object as if no debug info
     1>glfw3.lib(win32_window.obj) : warning LNK4099: PDB 'glfw.pdb' was not found with 'glfw3.lib(win32_window.obj)' or at 'C:\Users\user\Desktop\Fanshawe\Semester1\AI\AI PROJ1\INFO6017_RyanHammond_0074214\Debug\glfw.pdb'; linking object as if no debug info
     1>glfw3.lib(winmm_joystick.obj) : warning LNK4099: PDB 'glfw.pdb' was not found with 'glfw3.lib(winmm_joystick.obj)' or at 'C:\Users\user\Desktop\Fanshawe\Semester1\AI\AI PROJ1\INFO6017_RyanHammond_0074214\Debug\glfw.pdb'; linking object as if no debug info
     1>glfw3.lib(wgl_context.obj) : warning LNK4099: PDB 'glfw.pdb' was not found with 'glfw3.lib(wgl_context.obj)' or at 'C:\Users\user\Desktop\Fanshawe\Semester1\AI\AI PROJ1\INFO6017_RyanHammond_0074214\Debug\glfw.pdb'; linking object as if no debug info
         GettingStarted.vcxproj -> C:\Users\user\Desktop\Fanshawe\Semester1\AI\AI PROJ1\INFO6017_RyanHammond_0074214\Debug\GettingStarted.exe
       PostBuildEvent:
         copy /Y "C:\Users\user\Desktop\Fanshawe\Semester1\AI\AI PROJ1\INFO6017_RyanHammond_0074214\Extern\Assimp\Assimp32.dll" "C:\Users\user\Desktop\Fanshawe\Semester1\AI\AI PROJ1\INFO6017_RyanHammond_0074214\Debug\Assimp32.dll"
         :VCEnd
                 1 file(s) copied.
     1>Done Building Project "C:\Users\user\Desktop\Fanshawe\Semester1\AI\AI PROJ1\INFO6017_RyanHammond_0074214\GettingStarted\GettingStarted.vcxproj" (Build target(s)).

Build succeeded.

Time Elapsed 00:00:08.48
